This is TeX, C Version 3.14t3 (format=lplain 91.12.11)  4 DEC 1996 14:15
**ee150-quiz8
(ee150-quiz8.tex
LaTeX Version 2.09 <7 Dec 1989>
(/extra/local/lib/tex/inputs/article.sty
Document Style `article' <16 Mar 88>.
(/extra/local/lib/tex/inputs/art12.sty)
\c@part=\count79
\c@section=\count80
\c@subsection=\count81
\c@subsubsection=\count82
\c@paragraph=\count83
\c@subparagraph=\count84
\c@figure=\count85
\c@table=\count86
)
(/users2/other/sgwoods/lib/tex/inputs/fullpage.sty
Using full size pages: 'fullpage' documentstyle option
) (/users2/other/sgwoods/lib/tex/inputs/steve.sty) (ee150-quiz8.aux)
Overfull \hbox (48.94527pt too wide) in paragraph at lines 39--39
[]\twltt printf("Question 4 expr is : [ %5.2f ]\n", ( (double) (6.55 + 4.44) * 
(int) 3.1 ) );[] 

\hbox(8.33331+2.66666)x469.75499
.\hbox(0.0+0.0)x0.0
.\twltt p
.\twltt r
.\twltt i
.\twltt n
.etc.

[1

] (ee150-quiz8.aux) ) 
Here is how much of TeX's memory you used:
 176 strings out of 4463
 1765 string characters out of 63240
 30383 words of memory out of 262141
 2121 multiletter control sequences out of 9500
 19304 words of font info for 73 fonts, out of 72000 for 255
 14 hyphenation exceptions out of 607
 12i,4n,17p,167b,212s stack positions out of 300i,40n,60p,3000b,4000s

Output written on ee150-quiz8.dvi (1 page, 1776 bytes).
