This is TeX, C Version 3.14t3 (format=lplain 91.12.11)  5 DEC 1996 13:59
**pa6-demo
(pa6-demo.tex
LaTeX Version 2.09 <7 Dec 1989>
(/extra/local/lib/tex/inputs/article.sty
Document Style `article' <16 Mar 88>.
(/extra/local/lib/tex/inputs/art12.sty)
\c@part=\count79
\c@section=\count80
\c@subsection=\count81
\c@subsubsection=\count82
\c@paragraph=\count83
\c@subparagraph=\count84
\c@figure=\count85
\c@table=\count86
)
(/users2/other/sgwoods/lib/tex/inputs/fullpage.sty
Using full size pages: 'fullpage' documentstyle option
) (/users2/other/sgwoods/lib/tex/inputs/steve.sty) (pa6-demo.aux) [1

] [2]
(pa6-demo.aux) ) 
Here is how much of TeX's memory you used:
 174 strings out of 4463
 1719 string characters out of 63240
 28507 words of memory out of 262141
 2120 multiletter control sequences out of 9500
 18996 words of font info for 72 fonts, out of 72000 for 255
 14 hyphenation exceptions out of 607
 12i,6n,17p,164b,212s stack positions out of 300i,40n,60p,3000b,4000s

Output written on pa6-demo.dvi (2 pages, 2948 bytes).
