       Sid         A1     A2     A3     A4     A5     A6     QZ     M1      M2    Final    Grade So Far

OUTOF            30.0   50.0   30.0   30.0   30.0   30.0   10.0    75.0   100.0   100.0
PERCENT           3.0    6.0    6.0    7.0    8.0   15.0    3.0    10.0    15.0    27.0    22.0

 0     151       30.0   46.0    0.0    0.0    0.0    0.0    8.0    23.0     0.0     0.0    14.0
 1     514       27.5   46.0    0.0    0.0    0.0    0.0    9.0    31.0     0.0     0.0    15.1
 2     743       25.0   46.0    0.0    0.0    0.0    0.0    5.0    39.0     0.0     0.0    14.7
 3    1080       30.0   48.0    0.0    0.0    0.0    0.0    6.0    46.0     0.0     0.0    16.7
 4    1132       30.0   45.5    0.0    0.0    0.0    0.0    4.0    21.5     0.0     0.0    12.5
 5    1365       25.0   46.0    0.0    0.0    0.0    0.0    8.0    42.0     0.0     0.0    16.0
 6    1477       30.0   46.0    0.0    0.0    0.0    0.0    7.0    44.0     0.0     0.0    16.5
 7    1504       30.0   49.0    0.0    0.0    0.0    0.0    2.0    25.0     0.0     0.0    12.8
 8    1647       30.0   45.0    0.0    0.0    0.0    0.0    6.0    25.5     0.0     0.0    13.6
 9    1976       25.0   46.0    0.0    0.0    0.0    0.0    0.0    35.0     0.0     0.0    12.7
10    2547       30.0   49.0    0.0    0.0    0.0    0.0    6.0    25.0     0.0     0.0    14.0
11    3608       30.0   49.0    0.0    0.0    0.0    0.0    5.0    34.5     0.0     0.0    15.0
12    3945       25.0   50.0    0.0    0.0    0.0    0.0   10.0    56.0     0.0     0.0    19.0
13    4027       25.0   48.0    0.0    0.0    0.0    0.0    3.0    10.5     0.0     0.0    10.6
14    4792       30.0   50.0    0.0    0.0    0.0    0.0    8.0    45.0     0.0     0.0    17.4
15    5013       17.5   16.0    0.0    0.0    0.0    0.0    2.0     6.5     0.0     0.0     5.1
16    5337       25.0   45.0    0.0    0.0    0.0    0.0    0.0    32.0     0.0     0.0    12.2
17    5367        0.0    0.0    0.0    0.0    0.0    0.0    9.5    65.5     0.0     0.0    11.6
18    5757       25.0   48.0    0.0    0.0    0.0    0.0    9.0    12.5     0.0     0.0    12.6
19    5811       30.0   45.3    0.0    0.0    0.0    0.0    8.0    41.0     0.0     0.0    16.3
20    6143       30.0   50.0    0.0    0.0    0.0    0.0    7.0    26.0     0.0     0.0    14.6
21    6345       25.0   48.3    0.0    0.0    0.0    0.0    5.0    17.5     0.0     0.0    12.1
22    6867       30.0   49.0    0.0    0.0    0.0    0.0    7.0    10.0     0.0     0.0    12.3
23    7724       25.0   49.0    0.0    0.0    0.0    0.0    8.0    45.0     0.0     0.0    16.8
24    7745       30.0   47.0    0.0    0.0    0.0    0.0    8.0    36.0     0.0     0.0    15.8
25    7824       30.0   50.0    0.0    0.0    0.0    0.0    8.0    69.5     0.0     0.0    20.7
26    8615       23.5   49.0    0.0    0.0    0.0    0.0    0.0    69.0     0.0     0.0    17.4
27    8747       25.0   49.0    0.0    0.0    0.0    0.0    0.0    30.5     0.0     0.0    12.4
28    8902       30.0   46.0    0.0    0.0    0.0    0.0   10.0    34.0     0.0     0.0    16.1
29    9243       25.0   45.0    0.0    0.0    0.0    0.0    0.0    22.0     0.0     0.0    10.8
30    9514       30.0   43.0    0.0    0.0    0.0    0.0    0.0     0.0     0.0     0.0     8.2
31    9575       30.0   49.0    0.0    0.0    0.0    0.0    5.0    39.0     0.0     0.0    15.6
32    9676       23.5   46.0    0.0    0.0    0.0    0.0    0.0    10.5     0.0     0.0     9.3

      AVGs       26.6   45.0    0.0    0.0    0.0    0.0    5.3    32.4     0.0     0.0    14.0
      MAXs       30.0   50.0    0.0    0.0    0.0    0.0   10.0    69.5     0.0     0.0    20.7
      MINs       17.5   16.0    0.0    0.0    0.0    0.0    2.0     6.5     0.0     0.0     5.1
