List price per textbook:	  49.95
Discount rate:          	  15.0%
Hawaii tax rate:        	   4.0%
Federal tax rate:       	   8.0%

Texts	   List		Discount	  Total		  Final
Bought	  Price		   Price	    Tax		  Price
 1	  49.95		   42.46	   5.09		  47.55
 2	  99.90		   84.92	  10.19		  95.10
 3	 149.85		  127.37	  15.28		 142.66
 4	 199.80		  169.83	  20.38		 190.21
 5	 249.75		  212.29	  25.47		 237.76
 6	 299.70		  254.75	  30.57		 285.31
 7	 349.65		  297.20	  35.66		 332.87
 8	 399.60		  339.66	  40.76		 380.42
 9	 449.55		  382.12	  45.85		 427.97
10	 499.50		  424.57	  50.95		 475.52
11	 549.45		  467.03	  56.04		 523.08
12	 599.40		  509.49	  61.14		 570.63
13	 649.35		  551.95	  66.23		 618.18
14	 699.30		  594.41	  71.33		 665.73
15	 749.25		  636.86	  76.42		 713.29
16	 799.20		  679.32	  81.52		 760.84
17	 849.15		  721.78	  86.61		 808.39
18	 899.10		  764.24	  91.71		 855.94
